[2016-12-18 20:25:34.527] [INFO] app - Connected to DB
[2016-12-18 20:28:13.733] [INFO] app - Connected to DB
[2016-12-18 20:28:13.828] [INFO] app - Printing process table:
[2016-12-18 20:28:13.829] [INFO] app - [ anonymous {
    id: 8,
    tenant: 1,
    asset: 1,
    resource_id: 1,
    resource_type: 'structure',
    file_name: 'temp.ard',
    s3_name: 'temp.ard',
    produce_asset: 'ARD',
    status: 'success',
    error_type: null,
    error_message: null,
    overrides: null,
    createdAt: null,
    updatedAt: null,
    expected_responses: '3',
    actual_responses: '2',
    display_name: null },
  anonymous {
    id: 9,
    tenant: 1,
    asset: 1,
    resource_id: 1,
    resource_type: 'structure',
    file_name: 'temp.ard',
    s3_name: 'temp.ard',
    produce_asset: 'ARD',
    status: 'success',
    error_type: null,
    error_message: null,
    overrides: null,
    createdAt: null,
    updatedAt: null,
    expected_responses: '3',
    actual_responses: '2',
    display_name: null },
  anonymous {
    id: 10,
    tenant: 1,
    asset: 1,
    resource_id: 1,
    resource_type: 'structure',
    file_name: 'temp.ard',
    s3_name: 'temp.ard',
    produce_asset: 'ARD',
    status: 'success',
    error_type: null,
    error_message: null,
    overrides: null,
    createdAt: null,
    updatedAt: null,
    expected_responses: '3',
    actual_responses: '2',
    display_name: null },
  anonymous {
    id: 11,
    tenant: 1,
    asset: 1,
    resource_id: 1,
    resource_type: 'structure',
    file_name: 'temp.ard',
    s3_name: 'temp.ard',
    produce_asset: 'ARD',
    status: 'success',
    error_type: null,
    error_message: null,
    overrides: null,
    createdAt: null,
    updatedAt: null,
    expected_responses: '3',
    actual_responses: '2',
    display_name: null },
  anonymous {
    id: 12,
    tenant: 1,
    asset: 1,
    resource_id: 1,
    resource_type: 'structure',
    file_name: 'temp.ard',
    s3_name: 'temp.ard',
    produce_asset: 'ARD',
    status: 'success',
    error_type: null,
    error_message: null,
    overrides: null,
    createdAt: null,
    updatedAt: null,
    expected_responses: '3',
    actual_responses: '2',
    display_name: null },
  anonymous {
    id: 13,
    tenant: 1,
    asset: 1,
    resource_id: 1,
    resource_type: 'structure',
    file_name: 'temp.ard',
    s3_name: 'temp.ard',
    produce_asset: 'ARD',
    status: 'success',
    error_type: null,
    error_message: null,
    overrides: null,
    createdAt: null,
    updatedAt: null,
    expected_responses: '3',
    actual_responses: '2',
    display_name: null },
  anonymous {
    id: 14,
    tenant: 1,
    asset: 1,
    resource_id: 1,
    resource_type: 'structure',
    file_name: 'temp.ard',
    s3_name: 'temp.ard',
    produce_asset: 'ARD',
    status: 'success',
    error_type: null,
    error_message: null,
    overrides: null,
    createdAt: null,
    updatedAt: null,
    expected_responses: '3',
    actual_responses: '2',
    display_name: null } ]
[2016-12-18 20:28:13.836] [INFO] app - Connection to DB closed
[2016-12-18 20:31:04.570] [INFO] app - Connected to DB
[2016-12-18 20:31:04.658] [INFO] app - Printing process table:
[2016-12-18 20:31:04.658] [INFO] app - [ anonymous {
    id: 8,
    tenant: 1,
    asset: 1,
    resource_id: 1,
    resource_type: 'structure',
    file_name: 'temp.ard',
    s3_name: 'temp.ard',
    produce_asset: 'ARD',
    status: 'success',
    error_type: null,
    error_message: null,
    overrides: null,
    createdAt: null,
    updatedAt: null,
    expected_responses: '3',
    actual_responses: '2',
    display_name: null },
  anonymous {
    id: 9,
    tenant: 1,
    asset: 1,
    resource_id: 1,
    resource_type: 'structure',
    file_name: 'temp.ard',
    s3_name: 'temp.ard',
    produce_asset: 'ARD',
    status: 'success',
    error_type: null,
    error_message: null,
    overrides: null,
    createdAt: null,
    updatedAt: null,
    expected_responses: '3',
    actual_responses: '2',
    display_name: null },
  anonymous {
    id: 10,
    tenant: 1,
    asset: 1,
    resource_id: 1,
    resource_type: 'structure',
    file_name: 'temp.ard',
    s3_name: 'temp.ard',
    produce_asset: 'ARD',
    status: 'success',
    error_type: null,
    error_message: null,
    overrides: null,
    createdAt: null,
    updatedAt: null,
    expected_responses: '3',
    actual_responses: '2',
    display_name: null },
  anonymous {
    id: 11,
    tenant: 1,
    asset: 1,
    resource_id: 1,
    resource_type: 'structure',
    file_name: 'temp.ard',
    s3_name: 'temp.ard',
    produce_asset: 'ARD',
    status: 'success',
    error_type: null,
    error_message: null,
    overrides: null,
    createdAt: null,
    updatedAt: null,
    expected_responses: '3',
    actual_responses: '2',
    display_name: null },
  anonymous {
    id: 12,
    tenant: 1,
    asset: 1,
    resource_id: 1,
    resource_type: 'structure',
    file_name: 'temp.ard',
    s3_name: 'temp.ard',
    produce_asset: 'ARD',
    status: 'success',
    error_type: null,
    error_message: null,
    overrides: null,
    createdAt: null,
    updatedAt: null,
    expected_responses: '3',
    actual_responses: '2',
    display_name: null },
  anonymous {
    id: 13,
    tenant: 1,
    asset: 1,
    resource_id: 1,
    resource_type: 'structure',
    file_name: 'temp.ard',
    s3_name: 'temp.ard',
    produce_asset: 'ARD',
    status: 'success',
    error_type: null,
    error_message: null,
    overrides: null,
    createdAt: null,
    updatedAt: null,
    expected_responses: '3',
    actual_responses: '2',
    display_name: null },
  anonymous {
    id: 14,
    tenant: 1,
    asset: 1,
    resource_id: 1,
    resource_type: 'structure',
    file_name: 'temp.ard',
    s3_name: 'temp.ard',
    produce_asset: 'ARD',
    status: 'success',
    error_type: null,
    error_message: null,
    overrides: null,
    createdAt: null,
    updatedAt: null,
    expected_responses: '3',
    actual_responses: '2',
    display_name: null } ]
[2016-12-18 20:31:04.663] [INFO] app - Connection to DB closed
